<?xml version="1.0" encoding="utf-8"?>
<CoverageSession xmlns:xsd="http://www.w3.org/2001/XMLSchema" xmlns:xsi="http://www.w3.org/2001/XMLSchema-instance">
  <Summary numSequencePoints="17" visitedSequencePoints="17" numBranchPoints="6" visitedBranchPoints="6" sequenceCoverage="100" branchCoverage="100" maxCyclomaticComplexity="7" minCyclomaticComplexity="1" visitedClasses="2" numClasses="2" visitedMethods="2" numMethods="2" />
  <Modules>
    <Module hash="91-61-D8-A7-7F-75-EB-B1-8B-8E-1A-21-40-60-05-A2-00-8C-F4-D0">
      <Summary numSequencePoints="5" visitedSequencePoints="5" numBranchPoints="1" visitedBranchPoints="1" sequenceCoverage="100" branchCoverage="100" maxCyclomaticComplexity="1" minCyclomaticComplexity="1" visitedClasses="1" numClasses="1" visitedMethods="1" numMethods="1" />
      <ModulePath>C:\PavanKumar\GitHub\CSharpProjects\BeautifyString\BeautifyStringTests\bin\Debug\BeautifyStringTests.dll</ModulePath>
      <ModuleTime>2017-04-23T16:46:32.5662302Z</ModuleTime>
      <ModuleName>BeautifyStringTests</ModuleName>
      <Files>
        <File uid="1" fullPath="C:\PavanKumar\GitHub\CSharpProjects\BeautifyString\BeautifyStringTests\StringCharRemoveTests.cs" />
      </Files>
      <Classes>
        <Class>
          <Summary numSequencePoints="5" visitedSequencePoints="5" numBranchPoints="1" visitedBranchPoints="1" sequenceCoverage="100" branchCoverage="100" maxCyclomaticComplexity="1" minCyclomaticComplexity="1" visitedClasses="1" numClasses="1" visitedMethods="1" numMethods="1" />
          <FullName>BeautifyString.Tests.StringCharRemoveTests</FullName>
          <Methods>
            <Method visited="true" cyclomaticComplexity="1" nPathComplexity="0" sequenceCoverage="100" branchCoverage="100" isConstructor="false" isStatic="false" isGetter="false" isSetter="false">
              <Summary numSequencePoints="5" visitedSequencePoints="5" numBranchPoints="1" visitedBranchPoints="1" sequenceCoverage="100" branchCoverage="100" maxCyclomaticComplexity="1" minCyclomaticComplexity="1" visitedClasses="0" numClasses="0" visitedMethods="1" numMethods="1" />
              <MetadataToken>100663297</MetadataToken>
              <Name>System.Void BeautifyString.Tests.StringCharRemoveTests::CleanstringTest()</Name>
              <FileRef uid="1" />
              <SequencePoints>
                <SequencePoint vc="1" uspid="1" ordinal="0" offset="0" sl="16" sc="9" el="16" ec="10" bec="0" bev="0" fileid="1" />
                <SequencePoint vc="1" uspid="2" ordinal="1" offset="1" sl="18" sc="13" el="18" ec="76" bec="0" bev="0" fileid="1" />
                <SequencePoint vc="1" uspid="3" ordinal="2" offset="7" sl="19" sc="13" el="19" ec="71" bec="0" bev="0" fileid="1" />
                <SequencePoint vc="1" uspid="4" ordinal="3" offset="19" sl="20" sc="13" el="20" ec="45" bec="0" bev="0" fileid="1" />
                <SequencePoint vc="1" uspid="5" ordinal="4" offset="31" sl="21" sc="9" el="21" ec="10" bec="0" bev="0" fileid="1" />
              </SequencePoints>
              <BranchPoints />
              <MethodPoint xsi:type="SequencePoint" vc="1" uspid="1" ordinal="0" offset="0" sl="16" sc="9" el="16" ec="10" bec="0" bev="0" fileid="1" />
            </Method>
            <Method visited="true" cyclomaticComplexity="1" nPathComplexity="0" sequenceCoverage="0" branchCoverage="0" isConstructor="true" isStatic="false" isGetter="false" isSetter="false">
              <Summary numSequencePoints="0" visitedSequencePoints="0" numBranchPoints="0" visitedBranchPoints="0" sequenceCoverage="0" branchCoverage="0" maxCyclomaticComplexity="1" minCyclomaticComplexity="1" visitedClasses="0" numClasses="0" visitedMethods="0" numMethods="0" />
              <MetadataToken>100663298</MetadataToken>
              <Name>System.Void BeautifyString.Tests.StringCharRemoveTests::.ctor()</Name>
              <SequencePoints />
              <BranchPoints />
              <MethodPoint vc="1" uspid="6" ordinal="0" offset="0" />
            </Method>
          </Methods>
        </Class>
      </Classes>
    </Module>
    <Module hash="84-CE-27-16-00-28-C0-51-37-97-DE-61-9A-97-B3-06-EB-F2-C6-A2">
      <Summary numSequencePoints="12" visitedSequencePoints="12" numBranchPoints="5" visitedBranchPoints="5" sequenceCoverage="100" branchCoverage="100" maxCyclomaticComplexity="7" minCyclomaticComplexity="1" visitedClasses="1" numClasses="1" visitedMethods="1" numMethods="1" />
      <ModulePath>C:\PavanKumar\GitHub\CSharpProjects\BeautifyString\beautifystringtests\bin\debug\BeautifyString.dll</ModulePath>
      <ModuleTime>2017-04-23T16:46:32.3085468Z</ModuleTime>
      <ModuleName>BeautifyString</ModuleName>
      <Files>
        <File uid="3" fullPath="C:\PavanKumar\GitHub\CSharpProjects\BeautifyString\BeautifyString\StringCharRemove.cs" />
      </Files>
      <Classes>
        <Class>
          <Summary numSequencePoints="12" visitedSequencePoints="12" numBranchPoints="5" visitedBranchPoints="5" sequenceCoverage="100" branchCoverage="100" maxCyclomaticComplexity="7" minCyclomaticComplexity="1" visitedClasses="1" numClasses="1" visitedMethods="1" numMethods="1" />
          <FullName>BeautifyString.StringCharRemove</FullName>
          <Methods>
            <Method visited="true" cyclomaticComplexity="7" nPathComplexity="4" sequenceCoverage="100" branchCoverage="100" isConstructor="false" isStatic="false" isGetter="false" isSetter="false">
              <Summary numSequencePoints="12" visitedSequencePoints="12" numBranchPoints="5" visitedBranchPoints="5" sequenceCoverage="100" branchCoverage="100" maxCyclomaticComplexity="7" minCyclomaticComplexity="7" visitedClasses="0" numClasses="0" visitedMethods="1" numMethods="1" />
              <MetadataToken>100663297</MetadataToken>
              <Name>System.String BeautifyString.StringCharRemove::Cleanstring(System.String)</Name>
              <FileRef uid="3" />
              <SequencePoints>
                <SequencePoint vc="1" uspid="7" ordinal="0" offset="0" sl="12" sc="9" el="12" ec="10" bec="0" bev="0" fileid="3" />
                <SequencePoint vc="1" uspid="8" ordinal="1" offset="1" sl="13" sc="13" el="13" ec="58" bec="0" bev="0" fileid="3" />
                <SequencePoint vc="1" uspid="9" ordinal="2" offset="7" sl="14" sc="13" el="14" ec="20" bec="0" bev="0" fileid="3" />
                <SequencePoint vc="1" uspid="10" ordinal="3" offset="8" sl="14" sc="37" el="14" ec="42" bec="0" bev="0" fileid="3" />
                <SequencePoint vc="7" uspid="11" ordinal="4" offset="14" sl="14" sc="21" el="14" ec="33" bec="0" bev="0" fileid="3" />
                <SequencePoint vc="7" uspid="12" ordinal="5" offset="22" sl="15" sc="13" el="15" ec="14" bec="0" bev="0" fileid="3" />
                <SequencePoint vc="7" uspid="13" ordinal="6" offset="23" sl="16" sc="17" el="16" ec="94" bec="4" bev="4" fileid="3" />
                <SequencePoint vc="4" uspid="14" ordinal="7" offset="58" sl="17" sc="21" el="17" ec="46" bec="0" bev="0" fileid="3" />
                <SequencePoint vc="7" uspid="15" ordinal="8" offset="66" sl="18" sc="13" el="18" ec="14" bec="0" bev="0" fileid="3" />
                <SequencePoint vc="8" uspid="16" ordinal="9" offset="71" sl="14" sc="34" el="14" ec="36" bec="0" bev="0" fileid="3" />
                <SequencePoint vc="1" uspid="17" ordinal="10" offset="80" sl="19" sc="13" el="19" ec="40" bec="0" bev="0" fileid="3" />
                <SequencePoint vc="1" uspid="18" ordinal="11" offset="90" sl="20" sc="9" el="20" ec="10" bec="0" bev="0" fileid="3" />
              </SequencePoints>
              <BranchPoints>
                <BranchPoint vc="4" uspid="19" ordinal="0" offset="26" sl="16" path="0" offsetend="28" fileid="3" />
                <BranchPoint vc="3" uspid="20" ordinal="1" offset="26" sl="16" path="1" offsetend="33" fileid="3" />
                <BranchPoint vc="4" uspid="25" ordinal="6" offset="56" sl="16" path="0" offsetend="58" fileid="3" />
                <BranchPoint vc="3" uspid="26" ordinal="7" offset="56" sl="16" path="1" offsetend="66" fileid="3" />
              </BranchPoints>
              <MethodPoint xsi:type="SequencePoint" vc="1" uspid="7" ordinal="0" offset="0" sl="12" sc="9" el="12" ec="10" bec="0" bev="0" fileid="3" />
            </Method>
            <Method visited="true" cyclomaticComplexity="1" nPathComplexity="0" sequenceCoverage="0" branchCoverage="0" isConstructor="true" isStatic="false" isGetter="false" isSetter="false">
              <Summary numSequencePoints="0" visitedSequencePoints="0" numBranchPoints="0" visitedBranchPoints="0" sequenceCoverage="0" branchCoverage="0" maxCyclomaticComplexity="1" minCyclomaticComplexity="1" visitedClasses="0" numClasses="0" visitedMethods="0" numMethods="0" />
              <MetadataToken>100663298</MetadataToken>
              <Name>System.Void BeautifyString.StringCharRemove::.ctor()</Name>
              <SequencePoints />
              <BranchPoints />
              <MethodPoint vc="1" uspid="29" ordinal="0" offset="0" />
            </Method>
          </Methods>
        </Class>
      </Classes>
    </Module>
  </Modules>
</CoverageSession>